SF:lib/app/commons/domain/erros/errors.dart
DA:3,2
DA:10,1
DA:19,1
LF:3
LH:3
end_of_record
SF:lib/app/modules/example/data/models/asset_chart_model.dart
DA:11,2
DA:16,1
DA:17,4
DA:18,1
DA:20,0
DA:21,0
DA:22,0
DA:24,1
DA:25,1
DA:27,0
LF:10
LH:6
end_of_record
SF:lib/app/modules/example/data/models/asset_chart_model.g.dart
DA:9,1
DA:10,1
DA:12,2
DA:13,1
DA:14,3
DA:15,1
DA:18,0
DA:19,0
DA:20,0
DA:21,0
LF:10
LH:6
end_of_record
SF:lib/app/modules/example/data/models/asset_model.dart
DA:10,5
DA:15,1
DA:16,1
DA:18,0
LF:4
LH:3
end_of_record
SF:lib/app/modules/example/data/models/asset_model.g.dart
DA:9,2
DA:10,1
DA:11,1
DA:14,0
DA:15,0
DA:16,0
DA:17,0
LF:7
LH:3
end_of_record
SF:lib/app/modules/example/infra/remote/asset_datasource_impl.dart
DA:11,1
DA:15,1
DA:18,2
DA:19,1
DA:21,2
DA:22,0
DA:23,0
DA:28,6
DA:30,6
DA:31,2
DA:33,5
DA:35,1
DA:36,4
DA:38,4
DA:41,1
DA:45,0
DA:46,0
DA:51,1
DA:54,2
DA:55,1
DA:57,2
DA:58,1
DA:59,1
DA:63,2
DA:65,4
DA:68,4
DA:72,1
DA:73,1
LF:28
LH:24
end_of_record
SF:lib/app/modules/example/domain/entities/asset_chart_entity.dart
DA:7,2
DA:12,0
DA:13,0
DA:14,0
DA:15,0
DA:17,0
DA:19,0
DA:20,0
DA:21,0
LF:9
LH:1
end_of_record
SF:lib/app/modules/example/domain/entities/asset_entity.dart
DA:7,5
DA:12,0
DA:13,0
DA:14,0
DA:15,0
LF:5
LH:1
end_of_record
SF:lib/app/modules/example/domain/use_cases/get_asset_chart_data_use_case.dart
DA:11,1
DA:15,1
DA:17,2
LF:3
LH:3
end_of_record
SF:lib/app/commons/domain/erros/mensagens.dart
DA:2,1
LF:1
LH:1
end_of_record
SF:lib/app/modules/example/data/mappers/asset_chart_mapper.dart
DA:5,1
DA:8,1
DA:9,1
DA:10,1
DA:13,0
DA:16,0
DA:17,0
DA:18,0
LF:8
LH:4
end_of_record
SF:lib/app/modules/example/data/mappers/asset_mapper.dart
DA:5,1
DA:8,1
DA:9,1
DA:10,1
DA:13,0
DA:16,0
DA:17,0
DA:18,0
LF:8
LH:4
end_of_record
SF:lib/app/modules/example/data/repositories/asset_repository_impl.dart
DA:12,1
DA:16,1
DA:18,2
DA:20,1
DA:24,0
DA:25,0
DA:30,1
DA:32,2
DA:35,4
DA:39,0
DA:40,0
LF:11
LH:7
end_of_record
SF:lib/app/modules/example/domain/use_cases/search_asset_use_case.dart
DA:11,1
DA:15,1
DA:17,2
LF:3
LH:3
end_of_record
